This is pdfTeX, Version 3.14159265-2.6-1.40.20 (TeX Live 2019) (preloaded format=pdflatex 2020.3.13)  14 MAR 2020 21:54
entering extended mode
 restricted \write18 enabled.
 %&-line parsing enabled.
**momcons.tex
(./momcons.tex
LaTeX2e <2018-12-01>
(./elsarticle.cls
Document Class: elsarticle 2009/09/17, 1.2.0: Elsevier Ltd
\@bls=\dimen102
(/usr/local/texlive/2019/texmf-dist/tex/latex/base/article.cls
Document Class: article 2018/09/03 v1.4i Standard LaTeX document class
(/usr/local/texlive/2019/texmf-dist/tex/latex/base/size10.clo
File: size10.clo 2018/09/03 v1.4i Standard LaTeX file (size option)
)
\c@part=\count80
\c@section=\count81
\c@subsection=\count82
\c@subsubsection=\count83
\c@paragraph=\count84
\c@subparagraph=\count85
\c@figure=\count86
\c@table=\count87
\abovecaptionskip=\skip41
\belowcaptionskip=\skip42
\bibindent=\dimen103
)
(/usr/local/texlive/2019/texmf-dist/tex/latex/graphics/graphicx.sty
Package: graphicx 2017/06/01 v1.1a Enhanced LaTeX Graphics (DPC,SPQR)

(/usr/local/texlive/2019/texmf-dist/tex/latex/graphics/keyval.sty
Package: keyval 2014/10/28 v1.15 key=value parser (DPC)
\KV@toks@=\toks14
)
(/usr/local/texlive/2019/texmf-dist/tex/latex/graphics/graphics.sty
Package: graphics 2017/06/25 v1.2c Standard LaTeX Graphics (DPC,SPQR)

(/usr/local/texlive/2019/texmf-dist/tex/latex/graphics/trig.sty
Package: trig 2016/01/03 v1.10 sin cos tan (DPC)
)
(/usr/local/texlive/2019/texmf-dist/tex/latex/graphics-cfg/graphics.cfg
File: graphics.cfg 2016/06/04 v1.11 sample graphics configuration
)
Package graphics Info: Driver file: pdftex.def on input line 99.

(/usr/local/texlive/2019/texmf-dist/tex/latex/graphics-def/pdftex.def
File: pdftex.def 2018/01/08 v1.0l Graphics/color driver for pdftex
))
\Gin@req@height=\dimen104
\Gin@req@width=\dimen105
)
(/usr/local/texlive/2019/texmf-dist/tex/latex/psnfss/pifont.sty
Package: pifont 2005/04/12 PSNFSS-v9.2a Pi font support (SPQR) 
LaTeX Font Info:    Try loading font information for U+pzd on input line 63.

(/usr/local/texlive/2019/texmf-dist/tex/latex/psnfss/upzd.fd
File: upzd.fd 2001/06/04 font definitions for U/pzd.
)
LaTeX Font Info:    Try loading font information for U+psy on input line 64.

(/usr/local/texlive/2019/texmf-dist/tex/latex/psnfss/upsy.fd
File: upsy.fd 2001/06/04 font definitions for U/psy.
))
\c@tnote=\count88
\c@fnote=\count89
\c@cnote=\count90
\c@ead=\count91
\c@author=\count92
\@eadauthor=\toks15
\c@affn=\count93
\absbox=\box27
\keybox=\box28
\Columnwidth=\dimen106
\space@left=\dimen107
\els@boxa=\box29
\els@boxb=\box30
\leftMargin=\dimen108
\@enLab=\toks16
\@sep=\skip43
\@@sep=\skip44
 (./momcons.spl)
(/usr/local/texlive/2019/texmf-dist/tex/latex/natbib/natbib.sty
Package: natbib 2010/09/13 8.31b (PWD, AO)
\bibhang=\skip45
\bibsep=\skip46
LaTeX Info: Redefining \cite on input line 694.
\c@NAT@ctr=\count94
)
\splwrite=\write3
\openout3 = `momcons.spl'.

)
(/usr/local/texlive/2019/texmf-dist/tex/latex/txfonts/txfonts.sty
Package: txfonts 2008/01/22 v3.2.1
LaTeX Font Info:    Redeclaring symbol font `operators' on input line 21.
LaTeX Font Info:    Overwriting symbol font `operators' in version `normal'
(Font)                  OT1/cmr/m/n --> OT1/txr/m/n on input line 21.
LaTeX Font Info:    Overwriting symbol font `operators' in version `bold'
(Font)                  OT1/cmr/bx/n --> OT1/txr/m/n on input line 21.
LaTeX Font Info:    Overwriting symbol font `operators' in version `bold'
(Font)                  OT1/txr/m/n --> OT1/txr/bx/n on input line 22.
\symitalic=\mathgroup4
LaTeX Font Info:    Overwriting symbol font `italic' in version `bold'
(Font)                  OT1/txr/m/it --> OT1/txr/bx/it on input line 26.
LaTeX Font Info:    Redeclaring math alphabet \mathbf on input line 29.
LaTeX Font Info:    Overwriting math alphabet `\mathbf' in version `normal'
(Font)                  OT1/cmr/bx/n --> OT1/txr/bx/n on input line 29.
LaTeX Font Info:    Overwriting math alphabet `\mathbf' in version `bold'
(Font)                  OT1/cmr/bx/n --> OT1/txr/bx/n on input line 29.
LaTeX Font Info:    Redeclaring math alphabet \mathit on input line 30.
LaTeX Font Info:    Overwriting math alphabet `\mathit' in version `normal'
(Font)                  OT1/cmr/m/it --> OT1/txr/m/it on input line 30.
LaTeX Font Info:    Overwriting math alphabet `\mathit' in version `bold'
(Font)                  OT1/cmr/bx/it --> OT1/txr/m/it on input line 30.
LaTeX Font Info:    Overwriting math alphabet `\mathit' in version `bold'
(Font)                  OT1/txr/m/it --> OT1/txr/bx/it on input line 31.
LaTeX Font Info:    Redeclaring math alphabet \mathsf on input line 40.
LaTeX Font Info:    Overwriting math alphabet `\mathsf' in version `normal'
(Font)                  OT1/cmss/m/n --> OT1/txss/m/n on input line 40.
LaTeX Font Info:    Overwriting math alphabet `\mathsf' in version `bold'
(Font)                  OT1/cmss/bx/n --> OT1/txss/m/n on input line 40.
LaTeX Font Info:    Overwriting math alphabet `\mathsf' in version `bold'
(Font)                  OT1/txss/m/n --> OT1/txss/b/n on input line 41.
LaTeX Font Info:    Redeclaring math alphabet \mathtt on input line 50.
LaTeX Font Info:    Overwriting math alphabet `\mathtt' in version `normal'
(Font)                  OT1/cmtt/m/n --> OT1/txtt/m/n on input line 50.
LaTeX Font Info:    Overwriting math alphabet `\mathtt' in version `bold'
(Font)                  OT1/cmtt/m/n --> OT1/txtt/m/n on input line 50.
LaTeX Font Info:    Overwriting math alphabet `\mathtt' in version `bold'
(Font)                  OT1/txtt/m/n --> OT1/txtt/b/n on input line 51.
LaTeX Font Info:    Redeclaring symbol font `letters' on input line 58.
LaTeX Font Info:    Overwriting symbol font `letters' in version `normal'
(Font)                  OML/cmm/m/it --> OML/txmi/m/it on input line 58.
LaTeX Font Info:    Overwriting symbol font `letters' in version `bold'
(Font)                  OML/cmm/b/it --> OML/txmi/m/it on input line 58.
LaTeX Font Info:    Overwriting symbol font `letters' in version `bold'
(Font)                  OML/txmi/m/it --> OML/txmi/bx/it on input line 59.
\symlettersA=\mathgroup5
LaTeX Font Info:    Overwriting symbol font `lettersA' in version `bold'
(Font)                  U/txmia/m/it --> U/txmia/bx/it on input line 67.
LaTeX Font Info:    Redeclaring symbol font `symbols' on input line 77.
LaTeX Font Info:    Overwriting symbol font `symbols' in version `normal'
(Font)                  OMS/cmsy/m/n --> OMS/txsy/m/n on input line 77.
LaTeX Font Info:    Overwriting symbol font `symbols' in version `bold'
(Font)                  OMS/cmsy/b/n --> OMS/txsy/m/n on input line 77.
LaTeX Font Info:    Overwriting symbol font `symbols' in version `bold'
(Font)                  OMS/txsy/m/n --> OMS/txsy/bx/n on input line 78.
\symAMSa=\mathgroup6
LaTeX Font Info:    Overwriting symbol font `AMSa' in version `bold'
(Font)                  U/txsya/m/n --> U/txsya/bx/n on input line 94.
\symAMSb=\mathgroup7
LaTeX Font Info:    Overwriting symbol font `AMSb' in version `bold'
(Font)                  U/txsyb/m/n --> U/txsyb/bx/n on input line 103.
\symsymbolsC=\mathgroup8
LaTeX Font Info:    Overwriting symbol font `symbolsC' in version `bold'
(Font)                  U/txsyc/m/n --> U/txsyc/bx/n on input line 113.
LaTeX Font Info:    Redeclaring symbol font `largesymbols' on input line 120.
LaTeX Font Info:    Overwriting symbol font `largesymbols' in version `normal'
(Font)                  OMX/cmex/m/n --> OMX/txex/m/n on input line 120.
LaTeX Font Info:    Overwriting symbol font `largesymbols' in version `bold'
(Font)                  OMX/cmex/m/n --> OMX/txex/m/n on input line 120.
LaTeX Font Info:    Overwriting symbol font `largesymbols' in version `bold'
(Font)                  OMX/txex/m/n --> OMX/txex/bx/n on input line 121.
\symlargesymbolsA=\mathgroup9
LaTeX Font Info:    Overwriting symbol font `largesymbolsA' in version `bold'
(Font)                  U/txexa/m/n --> U/txexa/bx/n on input line 129.
LaTeX Info: Redefining \not on input line 1043.
)
(/usr/local/texlive/2019/texmf-dist/tex/latex/amsmath/amsmath.sty
Package: amsmath 2018/12/01 v2.17b AMS math features
\@mathmargin=\skip47

For additional information on amsmath, use the `?' option.
(/usr/local/texlive/2019/texmf-dist/tex/latex/amsmath/amstext.sty
Package: amstext 2000/06/29 v2.01 AMS text

(/usr/local/texlive/2019/texmf-dist/tex/latex/amsmath/amsgen.sty
File: amsgen.sty 1999/11/30 v2.0 generic functions
\@emptytoks=\toks17
\ex@=\dimen109
))
(/usr/local/texlive/2019/texmf-dist/tex/latex/amsmath/amsbsy.sty
Package: amsbsy 1999/11/29 v1.2d Bold Symbols
\pmbraise@=\dimen110
)
(/usr/local/texlive/2019/texmf-dist/tex/latex/amsmath/amsopn.sty
Package: amsopn 2016/03/08 v2.02 operator names
)
\inf@bad=\count95
LaTeX Info: Redefining \frac on input line 223.
\uproot@=\count96
\leftroot@=\count97
LaTeX Info: Redefining \overline on input line 385.
\classnum@=\count98
\DOTSCASE@=\count99
LaTeX Info: Redefining \ldots on input line 482.
LaTeX Info: Redefining \dots on input line 485.
LaTeX Info: Redefining \cdots on input line 606.
\Mathstrutbox@=\box31
\strutbox@=\box32
\big@size=\dimen111
LaTeX Font Info:    Redeclaring font encoding OML on input line 729.
LaTeX Font Info:    Redeclaring font encoding OMS on input line 730.
\macc@depth=\count100
\c@MaxMatrixCols=\count101
\dotsspace@=\muskip10
\c@parentequation=\count102
\dspbrk@lvl=\count103
\tag@help=\toks18
\row@=\count104
\column@=\count105
\maxfields@=\count106
\andhelp@=\toks19
\eqnshift@=\dimen112
\alignsep@=\dimen113
\tagshift@=\dimen114
\tagwidth@=\dimen115
\totwidth@=\dimen116
\lineht@=\dimen117
\@envbody=\toks20
\multlinegap=\skip48
\multlinetaggap=\skip49
\mathdisplay@stack=\toks21
LaTeX Info: Redefining \[ on input line 2844.
LaTeX Info: Redefining \] on input line 2845.
)
(/usr/local/texlive/2019/texmf-dist/tex/latex/graphics/color.sty
Package: color 2016/07/10 v1.1e Standard LaTeX Color (DPC)

(/usr/local/texlive/2019/texmf-dist/tex/latex/graphics-cfg/color.cfg
File: color.cfg 2016/01/02 v1.6 sample color configuration
)
Package color Info: Driver file: pdftex.def on input line 147.
)
(/usr/local/texlive/2019/texmf-dist/tex/latex/graphics/epsfig.sty
Package: epsfig 2017/06/25 v1.7b (e)psfig emulation (SPQR)
\epsfxsize=\dimen118
\epsfysize=\dimen119
)
(/usr/local/texlive/2019/texmf-dist/tex/latex/oberdiek/epstopdf.sty
Package: epstopdf 2016/05/15 v2.6 Conversion with epstopdf on the fly (HO)

(/usr/local/texlive/2019/texmf-dist/tex/latex/oberdiek/epstopdf-base.sty
Package: epstopdf-base 2016/05/15 v2.6 Base part for package epstopdf

(/usr/local/texlive/2019/texmf-dist/tex/generic/oberdiek/infwarerr.sty
Package: infwarerr 2016/05/16 v1.4 Providing info/warning/error messages (HO)
)
(/usr/local/texlive/2019/texmf-dist/tex/latex/oberdiek/grfext.sty
Package: grfext 2016/05/16 v1.2 Manage graphics extensions (HO)

(/usr/local/texlive/2019/texmf-dist/tex/generic/oberdiek/kvdefinekeys.sty
Package: kvdefinekeys 2016/05/16 v1.4 Define keys (HO)

(/usr/local/texlive/2019/texmf-dist/tex/generic/oberdiek/ltxcmds.sty
Package: ltxcmds 2016/05/16 v1.23 LaTeX kernel commands for general use (HO)
)))
(/usr/local/texlive/2019/texmf-dist/tex/latex/oberdiek/kvoptions.sty
Package: kvoptions 2016/05/16 v3.12 Key value format for package options (HO)

(/usr/local/texlive/2019/texmf-dist/tex/generic/oberdiek/kvsetkeys.sty
Package: kvsetkeys 2016/05/16 v1.17 Key value parser (HO)

(/usr/local/texlive/2019/texmf-dist/tex/generic/oberdiek/etexcmds.sty
Package: etexcmds 2016/05/16 v1.6 Avoid name clashes with e-TeX commands (HO)

(/usr/local/texlive/2019/texmf-dist/tex/generic/oberdiek/ifluatex.sty
Package: ifluatex 2016/05/16 v1.4 Provides the ifluatex switch (HO)
Package ifluatex Info: LuaTeX not detected.
))))
(/usr/local/texlive/2019/texmf-dist/tex/generic/oberdiek/pdftexcmds.sty
Package: pdftexcmds 2018/09/10 v0.29 Utility functions of pdfTeX for LuaTeX (HO
)

(/usr/local/texlive/2019/texmf-dist/tex/generic/oberdiek/ifpdf.sty
Package: ifpdf 2018/09/07 v3.3 Provides the ifpdf switch
)
Package pdftexcmds Info: LuaTeX not detected.
Package pdftexcmds Info: \pdf@primitive is available.
Package pdftexcmds Info: \pdf@ifprimitive is available.
Package pdftexcmds Info: \pdfdraftmode found.
)
Package epstopdf-base Info: Redefining graphics rule for `.eps' on input line 4
38.
Package grfext Info: Graphics extension search list:
(grfext)             [.pdf,.png,.jpg,.mps,.jpeg,.jbig2,.jb2,.PDF,.PNG,.JPG,.JPE
G,.JBIG2,.JB2,.eps]
(grfext)             \AppendGraphicsExtensions on input line 456.

(/usr/local/texlive/2019/texmf-dist/tex/latex/latexconfig/epstopdf-sys.cfg
File: epstopdf-sys.cfg 2010/07/13 v1.3 Configuration of (r)epstopdf for TeX Liv
e
)))
(/usr/local/texlive/2019/texmf-dist/tex/latex/float/float.sty
Package: float 2001/11/08 v1.3d Float enhancements (AL)
\c@float@type=\count107
\float@exts=\toks22
\float@box=\box33
\@float@everytoks=\toks23
\@floatcapt=\box34
)
(/usr/local/texlive/2019/texmf-dist/tex/generic/ulem/ulem.sty
\UL@box=\box35
\UL@hyphenbox=\box36
\UL@skip=\skip50
\UL@hook=\toks24
\UL@height=\dimen120
\UL@pe=\count108
\UL@pixel=\dimen121
\ULC@box=\box37
Package: ulem 2012/05/18
\ULdepth=\dimen122
)
(/usr/local/texlive/2019/texmf-dist/tex/generic/epsf/epsf.sty
This is `epsf.tex' v2.7.4 <14 February 2011>
\epsffilein=\read1
\epsfframemargin=\dimen123
\epsfframethickness=\dimen124
\epsfrsize=\dimen125
\epsftmp=\dimen126
\epsftsize=\dimen127
\epsfxsize=\dimen128
\epsfysize=\dimen129
\pspoints=\dimen130
) (/usr/local/texlive/2019/texmf-dist/tex/latex/listings/listings.sty
\lst@mode=\count109
\lst@gtempboxa=\box38
\lst@token=\toks25
\lst@length=\count110
\lst@currlwidth=\dimen131
\lst@column=\count111
\lst@pos=\count112
\lst@lostspace=\dimen132
\lst@width=\dimen133
\lst@newlines=\count113
\lst@lineno=\count114
\lst@maxwidth=\dimen134

(/usr/local/texlive/2019/texmf-dist/tex/latex/listings/lstmisc.sty
File: lstmisc.sty 2019/02/27 1.8b (Carsten Heinz)
\c@lstnumber=\count115
\lst@skipnumbers=\count116
\lst@framebox=\box39
)
(/usr/local/texlive/2019/texmf-dist/tex/latex/listings/listings.cfg
File: listings.cfg 2019/02/27 1.8b listings configuration
))
Package: listings 2019/02/27 1.8b (Carsten Heinz)

(./macros.tex) (./nondim.tex) (./macros_gretar.tex) (./momcons.aux

LaTeX Warning: Label `khappfig' multiply defined.

)
\openout1 = `momcons.aux'.

LaTeX Font Info:    Checking defaults for OML/txmi/m/it on input line 55.
LaTeX Font Info:    Try loading font information for OML+txmi on input line 55.

 (/usr/local/texlive/2019/texmf-dist/tex/latex/txfonts/omltxmi.fd
File: omltxmi.fd 2000/12/15 v3.1
)
LaTeX Font Info:    ... okay on input line 55.
LaTeX Font Info:    Checking defaults for T1/cmr/m/n on input line 55.
LaTeX Font Info:    ... okay on input line 55.
LaTeX Font Info:    Checking defaults for OT1/cmr/m/n on input line 55.
LaTeX Font Info:    ... okay on input line 55.
LaTeX Font Info:    Checking defaults for OMS/txsy/m/n on input line 55.
LaTeX Font Info:    Try loading font information for OMS+txsy on input line 55.


(/usr/local/texlive/2019/texmf-dist/tex/latex/txfonts/omstxsy.fd
File: omstxsy.fd 2000/12/15 v3.1
)
LaTeX Font Info:    ... okay on input line 55.
LaTeX Font Info:    Checking defaults for OMX/txex/m/n on input line 55.
LaTeX Font Info:    Try loading font information for OMX+txex on input line 55.


(/usr/local/texlive/2019/texmf-dist/tex/latex/txfonts/omxtxex.fd
File: omxtxex.fd 2000/12/15 v3.1
)
LaTeX Font Info:    ... okay on input line 55.
LaTeX Font Info:    Checking defaults for U/txexa/m/n on input line 55.
LaTeX Font Info:    Try loading font information for U+txexa on input line 55.

(/usr/local/texlive/2019/texmf-dist/tex/latex/txfonts/utxexa.fd
File: utxexa.fd 2000/12/15 v3.1
)
LaTeX Font Info:    ... okay on input line 55.
LaTeX Font Info:    Try loading font information for OT1+txr on input line 55.

(/usr/local/texlive/2019/texmf-dist/tex/latex/txfonts/ot1txr.fd
File: ot1txr.fd 2000/12/15 v3.1
)
(/usr/local/texlive/2019/texmf-dist/tex/context/base/mkii/supp-pdf.mkii
[Loading MPS to PDF converter (version 2006.09.02).]
\scratchcounter=\count117
\scratchdimen=\dimen135
\scratchbox=\box40
\nofMPsegments=\count118
\nofMParguments=\count119
\everyMPshowfont=\toks26
\MPscratchCnt=\count120
\MPscratchDim=\dimen136
\MPnumerator=\count121
\makeMPintoPDFobject=\count122
\everyMPtoPDFconversion=\toks27
)
\c@lstlisting=\count123
LaTeX Font Info:    Try loading font information for U+txmia on input line 125.

 (/usr/local/texlive/2019/texmf-dist/tex/latex/txfonts/utxmia.fd
File: utxmia.fd 2000/12/15 v3.1
)
LaTeX Font Info:    Try loading font information for U+txsya on input line 125.


(/usr/local/texlive/2019/texmf-dist/tex/latex/txfonts/utxsya.fd
File: utxsya.fd 2000/12/15 v3.1
)
LaTeX Font Info:    Try loading font information for U+txsyb on input line 125.


(/usr/local/texlive/2019/texmf-dist/tex/latex/txfonts/utxsyb.fd
File: utxsyb.fd 2000/12/15 v3.1
)
LaTeX Font Info:    Try loading font information for U+txsyc on input line 125.


(/usr/local/texlive/2019/texmf-dist/tex/latex/txfonts/utxsyc.fd
File: utxsyc.fd 2000/12/15 v3.1
) (./intro.tex
[1

{/usr/local/texlive/2019/texmf-var/fonts/map/pdftex/updmap/pdftex.map}]

Package natbib Warning: Citation `rudman98' on page 2 undefined on input line 1
4.


Package natbib Warning: Citation `bussmann2002modeling' on page 2 undefined on 
input line 15.


Package natbib Warning: Citation `desjardins10' on page 2 undefined on input li
ne 15.


Package natbib Warning: Citation `raessi12' on page 2 undefined on input line 1
5.


Package natbib Warning: Citation `le13' on page 2 undefined on input line 15.


Package natbib Warning: Citation `Vaudor:2017ip' on page 2 undefined on input l
ine 15.


Package natbib Warning: Citation `Saurel99' on page 2 undefined on input line 2
5.


Package natbib Warning: Citation `allaire02' on page 2 undefined on input line 
26.


Package natbib Warning: Citation `Pelanti14' on page 2 undefined on input line 
26.


Package natbib Warning: Citation `xiao2012large' on page 2 undefined on input l
ine 31.


Package natbib Warning: Citation `Xiao:2014vs' on page 2 undefined on input lin
e 34.


Package natbib Warning: Citation `rudman98' on page 2 undefined on input line 5
4.

[2]) (./nsemethod.tex [3]
<Figures/figure3-1.pdf, id=19, 373.12128pt x 354.59756pt>
File: Figures/figure3-1.pdf Graphic file (type pdf)
<use Figures/figure3-1.pdf>
Package pdftex.def Info: Figures/figure3-1.pdf  used on input line 75.
(pdftex.def)             Requested size: 155.24895pt x 147.54482pt.


Package natbib Warning: Citation `Tryggvason11' on page 4 undefined on input li
ne 96.

[4 <./Figures/figure3-1.pdf>]

Package amsmath Warning: Foreign command \over;
(amsmath)                \frac or \genfrac should be used instead
(amsmath)                 on input line 105.

<Figures/figure3-2a.pdf, id=43, 373.05774pt x 349.24548pt>
File: Figures/figure3-2a.pdf Graphic file (type pdf)
<use Figures/figure3-2a.pdf>
Package pdftex.def Info: Figures/figure3-2a.pdf  used on input line 111.
(pdftex.def)             Requested size: 373.05681pt x 349.24461pt.
<Figures/figure3-2b.pdf, id=44, 372.673pt x 348.84306pt>
File: Figures/figure3-2b.pdf Graphic file (type pdf)
<use Figures/figure3-2b.pdf>
Package pdftex.def Info: Figures/figure3-2b.pdf  used on input line 112.
(pdftex.def)             Requested size: 372.67209pt x 348.84221pt.
[5 <./Figures/figure3-2a.pdf> <./Figures/figure3-2b.pdf>]) (./vof.tex

Package natbib Warning: Citation `bna2015numerical' on page 6 undefined on inpu
t line 7.


Package natbib Warning: Citation `bna2016vofi' on page 6 undefined on input lin
e 7.


Package natbib Warning: Citation `Tryggvason11' on page 6 undefined on input li
ne 17.


Package natbib Warning: Citation `Tryggvason11' on page 6 undefined on input li
ne 21.

[6]

Package natbib Warning: Citation `Scardovelli00' on page 7 undefined on input l
ine 35.

[7]

Package natbib Warning: Citation `li95' on page 8 undefined on input line 122.


Package natbib Warning: Citation `Scardovelli02' on page 8 undefined on input l
ine 123.

<Figures/band1bis.pdf, id=94, 599.23875pt x 150.5625pt>
File: Figures/band1bis.pdf Graphic file (type pdf)
<use Figures/band1bis.pdf>
Package pdftex.def Info: Figures/band1bis.pdf  used on input line 152.
(pdftex.def)             Requested size: 258.75pt x 65.01399pt.
<Figures/LE_mapping-horbis.pdf, id=95, 924.45375pt x 150.5625pt>
File: Figures/LE_mapping-horbis.pdf Graphic file (type pdf)
<use Figures/LE_mapping-horbis.pdf>
Package pdftex.def Info: Figures/LE_mapping-horbis.pdf  used on input line 163.

(pdftex.def)             Requested size: 345.0pt x 56.1897pt.
[8] [9 <./Figures/band1bis.pdf> <./Figures/LE_mapping-horbis.pdf>]
<Figures/EI_mapping-horbis.pdf, id=113, 924.45375pt x 150.5625pt>
File: Figures/EI_mapping-horbis.pdf Graphic file (type pdf)
<use Figures/EI_mapping-horbis.pdf>
Package pdftex.def Info: Figures/EI_mapping-horbis.pdf  used on input line 220.

(pdftex.def)             Requested size: 345.0pt x 56.1897pt.


Package natbib Warning: Citation `Weymouth:2010hy' on page 10 undefined on inpu
t line 233.


Package natbib Warning: Citation `Scardovelli02' on page 10 undefined on input 
line 244.


Package natbib Warning: Citation `Weymouth:2010hy' on page 10 undefined on inpu
t line 246.

) [10 <./Figures/EI_mapping-horbis.pdf>] (./mom.tex [11]

Package natbib Warning: Citation `Saurel99' on page 12 undefined on input line 
71.


Package natbib Warning: Citation `allaire02' on page 12 undefined on input line
 71.


Package natbib Warning: Citation `basilisk' on page 12 undefined on input line 
71.

[12] [13] [14]
Overfull \hbox (9.24084pt too wide) in paragraph at lines 225--230
\OT1/txr/m/n/10 where $[] = (\OML/txmi/m/it/10 ^^Z[]u[]\OT1/txr/m/n/10 )[]$ is 
the $\OML/txmi/m/it/10 q$\OT1/txr/m/n/10 -component of the fi-nal mo-men-tum, $
\OML/txmi/m/it/10 g[] \OT1/txr/m/n/10 = (\OML/txmi/m/it/10 ^^Z[]u[]\OT1/txr/m/n
/10 )[]$
 []

[15]

Package natbib Warning: Citation `roe1985some' on page 16 undefined on input li
ne 336.

[16]

Package natbib Warning: Citation `Tryggvason11' on page 17 undefined on input l
ine 336.

<Figures/advect-ed-ing.pdf, id=142, 812.03375pt x 241.90375pt>
File: Figures/advect-ed-ing.pdf Graphic file (type pdf)
<use Figures/advect-ed-ing.pdf>
Package pdftex.def Info: Figures/advect-ed-ing.pdf  used on input line 363.
(pdftex.def)             Requested size: 345.0pt x 102.77266pt.

Package natbib Warning: Citation `Tryggvason11' on page 17 undefined on input l
ine 403.

[17] [18 <./Figures/advect-ed-ing.pdf>]
<Figures/halffractions.pdf, id=163, 294.09875pt x 212.795pt>
File: Figures/halffractions.pdf Graphic file (type pdf)
<use Figures/halffractions.pdf>
Package pdftex.def Info: Figures/halffractions.pdf  used on input line 493.
(pdftex.def)             Requested size: 172.5pt x 124.81088pt.
 [19] [20 <./Figures/halffractions.pdf>]

Package natbib Warning: Citation `brackbill92' on page 21 undefined on input li
ne 520.


Package natbib Warning: Citation `popinet09' on page 21 undefined on input line
 521.

) (./testing1.tex
<Figures/cylinderadvection.png, id=180, 642.4pt x 481.8pt>
File: Figures/cylinderadvection.png Graphic file (type png)
<use Figures/cylinderadvection.png>
Package pdftex.def Info: Figures/cylinderadvection.png  used on input line 22.
(pdftex.def)             Requested size: 162.28584pt x 121.71419pt.
<Figures/cylinderadvectionviscous.png, id=181, 642.4pt x 481.8pt>
File: Figures/cylinderadvectionviscous.png Graphic file (type png)
<use Figures/cylinderadvectionviscous.png>
Package pdftex.def Info: Figures/cylinderadvectionviscous.png  used on input li
ne 27.
(pdftex.def)             Requested size: 162.28584pt x 121.71419pt.


Package natbib Warning: Citation `yecko02' on page 21 undefined on input line 4
9.


Package natbib Warning: Citation `boeck05' on page 21 undefined on input line 4
9.


Package natbib Warning: Citation `bague10' on page 21 undefined on input line 4
9.

[21

]

Package natbib Warning: Citation `bussmann2002modeling' on page 22 undefined on
 input line 69.


Package natbib Warning: Citation `desjardins10' on page 22 undefined on input l
ine 69.


Package natbib Warning: Citation `raessi12' on page 22 undefined on input line 
69.


Package natbib Warning: Citation `le13' on page 22 undefined on input line 69.


Package natbib Warning: Citation `Vaudor:2017ip' on page 22 undefined on input 
line 69.


Package natbib Warning: Citation `Fuster2013energy' on page 22 undefined on inp
ut line 71.

<Figures/Sagar/a.png, id=185, 1027.84pt x 873.2625pt>
File: Figures/Sagar/a.png Graphic file (type png)
<use Figures/Sagar/a.png>
Package pdftex.def Info: Figures/Sagar/a.png  used on input line 86.
(pdftex.def)             Requested size: 137.9979pt x 117.23242pt.
<Figures/Sagar/b.png, id=186, 1027.84pt x 873.2625pt>
File: Figures/Sagar/b.png Graphic file (type png)
<use Figures/Sagar/b.png>
Package pdftex.def Info: Figures/Sagar/b.png  used on input line 87.
(pdftex.def)             Requested size: 137.9979pt x 117.23242pt.
<Figures/Sagar/c.png, id=187, 1027.84pt x 873.2625pt>
File: Figures/Sagar/c.png Graphic file (type png)
<use Figures/Sagar/c.png>
Package pdftex.def Info: Figures/Sagar/c.png  used on input line 88.
(pdftex.def)             Requested size: 137.9979pt x 117.23242pt.
<Figures/Sagar/d.png, id=188, 1027.84pt x 873.2625pt>
File: Figures/Sagar/d.png Graphic file (type png)
<use Figures/Sagar/d.png>
Package pdftex.def Info: Figures/Sagar/d.png  used on input line 89.
(pdftex.def)             Requested size: 137.9979pt x 117.23242pt.
<Figures/Sagar/long.png, id=189, 1027.84pt x 834.11626pt>
File: Figures/Sagar/long.png Graphic file (type png)
<use Figures/Sagar/long.png>
Package pdftex.def Info: Figures/Sagar/long.png  used on input line 102.
(pdftex.def)             Requested size: 137.9979pt x 111.97717pt.
[22 <./Figures/cylinderadvection.png> <./Figures/cylinderadvectionviscous.png>]
[23 <./Figures/Sagar/a.png (PNG copy)> <./Figures/Sagar/b.png (PNG copy)> <./Fi
gures/Sagar/c.png (PNG copy)> <./Figures/Sagar/d.png (PNG copy)> <./Figures/Sag
ar/long.png (PNG copy)>]

Package natbib Warning: Citation `hoepffner11' on page 24 undefined on input li
ne 127.


Package natbib Warning: Citation `Clift78' on page 24 undefined on input line 1
37.


Package natbib Warning: Citation `opfer14' on page 24 undefined on input line 1
41.


Package natbib Warning: Citation `bussmann2002modeling' on page 24 undefined on
 input line 146.


Package natbib Warning: Citation `bna2015numerical' on page 24 undefined on inp
ut line 151.


Package natbib Warning: Citation `bna2016vofi' on page 24 undefined on input li
ne 151.


Package natbib Warning: Citation `bussmann2002modeling' on page 24 undefined on
 input line 161.


Package natbib Warning: Citation `Fuster2013energy' on page 24 undefined on inp
ut line 169.


Package natbib Warning: Citation `bussmann2002modeling' on page 24 undefined on
 input line 171.


Package natbib Warning: Citation `desjardins10' on page 24 undefined on input l
ine 171.


Package natbib Warning: Citation `raessi12' on page 24 undefined on input line 
171.


Package natbib Warning: Citation `le13' on page 24 undefined on input line 171.



Package natbib Warning: Citation `matas2011experimental' on page 24 undefined o
n input line 184.

[24] (./notes.tex)
<Figures/Sagar/shear.png, id=199, 2055.68pt x 1027.84pt>
File: Figures/Sagar/shear.png Graphic file (type png)
<use Figures/Sagar/shear.png>
Package pdftex.def Info: Figures/Sagar/shear.png  used on input line 246.
(pdftex.def)             Requested size: 345.0pt x 172.48773pt.
 (./raindrop.tex [25]

Package natbib Warning: Citation `gunn1949terminal' on page 26 undefined on inp
ut line 11.

[26 <./Figures/Sagar/shear.png (PNG copy)>]
<Figures/setup.pdf, id=207, 511.9125pt x 578.16pt>
File: Figures/setup.pdf Graphic file (type pdf)
<use Figures/setup.pdf>
Package pdftex.def Info: Figures/setup.pdf  used on input line 42.
(pdftex.def)             Requested size: 120.7521pt x 136.37929pt.
<Figures/cata.png, id=208, 650.43pt x 159.4758pt>
File: Figures/cata.png Graphic file (type png)
<use Figures/cata.png>
Package pdftex.def Info: Figures/cata.png  used on input line 55.
(pdftex.def)             Requested size: 258.75pt x 63.44363pt.


Package natbib Warning: Citation `Xiao:2014vs' on page 27 undefined on input li
ne 63.


Package natbib Warning: Citation `Xiao:2014vs' on page 27 undefined on input li
ne 63.

[27 <./Figures/setup.pdf> <./Figures/cata.png>]
<Figures/Sagar/16ppd_MC_vc_NON-MC.png, id=219, 1027.84pt x 923.45pt>
File: Figures/Sagar/16ppd_MC_vc_NON-MC.png Graphic file (type png)
<use Figures/Sagar/16ppd_MC_vc_NON-MC.png>
Package pdftex.def Info: Figures/Sagar/16ppd_MC_vc_NON-MC.png  used on input li
ne 85.
(pdftex.def)             Requested size: 155.24895pt x 139.46968pt.
<Figures/Sagar/non_MC_16ppd_pressure_corrected.png, id=220, 1027.84pt x 923.45p
t>
File: Figures/Sagar/non_MC_16ppd_pressure_corrected.png Graphic file (type png)

<use Figures/Sagar/non_MC_16ppd_pressure_corrected.png>
Package pdftex.def Info: Figures/Sagar/non_MC_16ppd_pressure_corrected.png  use
d on input line 87.
(pdftex.def)             Requested size: 155.24895pt x 139.46968pt.
<Figures/Sagar/pressure_rd_MC.png, id=221, 1027.84pt x 923.45pt>
File: Figures/Sagar/pressure_rd_MC.png Graphic file (type png)
<use Figures/Sagar/pressure_rd_MC.png>
Package pdftex.def Info: Figures/Sagar/pressure_rd_MC.png  used on input line 1
05.
(pdftex.def)             Requested size: 155.24895pt x 139.46968pt.
<Figures/Sagar/16ppd_pressure_corrected.png, id=222, 1027.84pt x 923.45pt>
File: Figures/Sagar/16ppd_pressure_corrected.png Graphic file (type png)
<use Figures/Sagar/16ppd_pressure_corrected.png>
Package pdftex.def Info: Figures/Sagar/16ppd_pressure_corrected.png  used on in
put line 107.
(pdftex.def)             Requested size: 155.24895pt x 139.46968pt.
<Figures/vel.png, id=223, 4111.36pt x 3398.6975pt>
File: Figures/vel.png Graphic file (type png)
<use Figures/vel.png>
Package pdftex.def Info: Figures/vel.png  used on input line 125.
(pdftex.def)             Requested size: 144.89937pt x 119.74446pt.
<Figures/vort.png, id=224, 4111.36pt x 2661.945pt>
File: Figures/vort.png Graphic file (type png)
<use Figures/vort.png>
Package pdftex.def Info: Figures/vort.png  used on input line 126.
(pdftex.def)             Requested size: 165.59853pt x 107.19078pt.


LaTeX Warning: `!h' float specifier changed to `!ht'.

[28 <./Figures/Sagar/16ppd_MC_vc_NON-MC.png (PNG copy)> <./Figures/Sagar/non_MC
_16ppd_pressure_corrected.png (PNG copy)>] [29 <./Figures/Sagar/pressure_rd_MC.
png (PNG copy)> <./Figures/Sagar/16ppd_pressure_corrected.png (PNG copy)> <./Fi
gures/vel.png (PNG copy)> <./Figures/vort.png (PNG copy)>]

Package natbib Warning: Citation `gunn1949terminal' on page 30 undefined on inp
ut line 173.

<Figures/veloconv.png, id=231, 507.8975pt x 349.305pt>
File: Figures/veloconv.png Graphic file (type png)
<use Figures/veloconv.png>
Package pdftex.def Info: Figures/veloconv.png  used on input line 180.
(pdftex.def)             Requested size: 155.24895pt x 106.76971pt.
<Figures/shapeconv.png, id=232, 593.21625pt x 347.2975pt>
File: Figures/shapeconv.png Graphic file (type png)
<use Figures/shapeconv.png>
Package pdftex.def Info: Figures/shapeconv.png  used on input line 181.
(pdftex.def)             Requested size: 155.24895pt x 90.88873pt.
<Figures/flatten.png, id=233, 4336.2pt x 1084.05pt>
File: Figures/flatten.png Graphic file (type png)
<use Figures/flatten.png>
Package pdftex.def Info: Figures/flatten.png  used on input line 194.
(pdftex.def)             Requested size: 341.5519pt x 85.38593pt.

Package natbib Warning: Citation `Reyssat:2007ko' on page 30 undefined on input
 line 204.


Package natbib Warning: Citation `Reyssat:2007ko' on page 30 undefined on input
 line 205.

)

Package natbib Warning: Citation `Ling16' on page 30 undefined on input line 25
6.


Package natbib Warning: Citation `Ling16' on page 30 undefined on input line 26
3.


Package natbib Warning: Citation `Ling16' on page 30 undefined on input line 26
4.


Package natbib Warning: Citation `Ling16' on page 30 undefined on input line 27
1.

[30] [31 <./Figures/veloconv.png (PNG copy)> <./Figures/shapeconv.png (PNG copy
)> <./Figures/flatten.png>]
<Figures/Marco/vof-vel-atom.png, id=242, 3023.295pt x 1569.865pt>
File: Figures/Marco/vof-vel-atom.png Graphic file (type png)
<use Figures/Marco/vof-vel-atom.png>
Package pdftex.def Info: Figures/Marco/vof-vel-atom.png  used on input line 281
.
(pdftex.def)             Requested size: 341.5519pt x 177.3328pt.
) [32 <./Figures/Marco/vof-vel-atom.png (PNG copy)>]

Package natbib Warning: Citation `popinet09' on page 33 undefined on input line
 170.


Package natbib Warning: Citation `Jain15' on page 33 undefined on input line 17
4.


Package natbib Warning: Citation `Ling15' on page 33 undefined on input line 18
7.


Overfull \hbox (25.39952pt too wide) in paragraph at lines 197--201
\OT1/txr/m/n/10 IRENE and CINES-Occigen un-der the al-lo-ca-tions t20152b7325, 
t20162b7760, 2017tgcc0080
 []

[33] (./momcons.bbl

Package natbib Warning: Empty `thebibliography' environment on input line 8.

) (./app_kh.tex

Package natbib Warning: Citation `Matas_2011a' on page 34 undefined on input li
ne 7.


Package natbib Warning: Citation `Eggers08' on page 34 undefined on input line 
7.

<Figures/2-1.pdf, id=249, 722.7pt x 542.025pt>
File: Figures/2-1.pdf Graphic file (type pdf)
<use Figures/2-1.pdf>
Package pdftex.def Info: Figures/2-1.pdf  used on input line 10.
(pdftex.def)             Requested size: 276.00105pt x 206.9972pt.
[34 <./Figures/2-1.pdf>]

Package natbib Warning: Citation `Chandrasekhar' on page 35 undefined on input 
line 54.


Package natbib Warning: Citation `Eggers08' on page 35 undefined on input line 
61.


LaTeX Warning: Reference `gg1' on page 35 undefined on input line 64.

<Figures/rrates_100.pdf, id=347, 361.35pt x 361.35pt>
File: Figures/rrates_100.pdf Graphic file (type pdf)
<use Figures/rrates_100.pdf>
Package pdftex.def Info: Figures/rrates_100.pdf  used on input line 70.
(pdftex.def)             Requested size: 276.00105pt x 276.00177pt.
[35] [36 <./Figures/rrates_100.pdf>] [37]

LaTeX Warning: Reference `w1' on page 38 undefined on input line 170.


LaTeX Warning: Reference `w3' on page 38 undefined on input line 170.


LaTeX Warning: Reference `w1' on page 38 undefined on input line 178.


LaTeX Warning: Reference `w3' on page 38 undefined on input line 178.

)

Package natbib Warning: There were undefined citations.

[38] (./momcons.aux)

LaTeX Warning: There were undefined references.


LaTeX Warning: There were multiply-defined labels.

 ) 
Here is how much of TeX's memory you used:
 5417 strings out of 492616
 71633 string characters out of 6129481
 140038 words of memory out of 5000000
 9146 multiletter control sequences out of 15000+600000
 42398 words of font info for 102 fonts, out of 8000000 for 9000
 1141 hyphenation exceptions out of 8191
 42i,13n,32p,1577b,358s stack positions out of 5000i,500n,10000p,200000b,80000s
{/usr/local/texlive/2019/texmf-dist/fonts/enc/dvips/base/8r.enc}</usr/local/t
exlive/2019/texmf-dist/fonts/type1/public/txfonts/rtxi.pfb></usr/local/texlive/
2019/texmf-dist/fonts/type1/public/txfonts/rtxmi.pfb></usr/local/texlive/2019/t
exmf-dist/fonts/type1/public/txfonts/rtxr.pfb></usr/local/texlive/2019/texmf-di
st/fonts/type1/public/txfonts/rtxsc.pfb></usr/local/texlive/2019/texmf-dist/fon
ts/type1/public/txfonts/txex.pfb></usr/local/texlive/2019/texmf-dist/fonts/type
1/public/txfonts/txsy.pfb></usr/local/texlive/2019/texmf-dist/fonts/type1/publi
c/txfonts/txsyc.pfb></usr/local/texlive/2019/texmf-dist/fonts/type1/urw/times/u
tmb8a.pfb></usr/local/texlive/2019/texmf-dist/fonts/type1/urw/times/utmr8a.pfb>
</usr/local/texlive/2019/texmf-dist/fonts/type1/urw/times/utmri8a.pfb>
Output written on momcons.pdf (38 pages, 3399841 bytes).
PDF statistics:
 436 PDF objects out of 1000 (max. 8388607)
 276 compressed objects within 3 object streams
 0 named destinations out of 1000 (max. 500000)
 151 words of extra memory for PDF output out of 10000 (max. 10000000)

